<?xml version="1.0" encoding="UTF-8"?>
<!-- Generated by org.testng.reporters.JUnitXMLReporter -->
<testsuite hostname="DESKTOP-O933604" ignored="0" name="ChromeTest" tests="6" failures="0" timestamp="01 Kov 2017 12:22:43 GMT" time="25.163" errors="0">
  <testcase name="registerCountyTest" time="4.27" classname="it.akademija.admin.CountyTest"/>
  <testcase name="registerCountyTest" time="0.637" classname="it.akademija.admin.CountyTest"/>
  <testcase name="registerMultipleCountiesTest" time="5.57" classname="it.akademija.admin.CountyTest"/>
  <testcase name="editCountyTest" time="1.521" classname="it.akademija.admin.CountyTest"/>
  <testcase name="deleteCountyTest" time="4.338" classname="it.akademija.admin.CountyTest"/>
  <testcase name="addCandidatesListTest" time="2.305" classname="it.akademija.admin.CountyTest"/>
</testsuite> <!-- ChromeTest -->
