<?xml version="1.0" encoding="UTF-8"?>
<!-- Generated by org.testng.reporters.JUnitXMLReporter -->
<testsuite hostname="DESKTOP-O933604" ignored="0" name="Suite" tests="25" failures="1" timestamp="09 Kov 2017 07:55:02 GMT" time="175.48" errors="0">
  <testcase name="registerCountyTest" time="2.944" classname="it.akademija.admin.CountyTest"/>
  <testcase name="registerCountyTest" time="0.939" classname="it.akademija.admin.CountyTest"/>
  <testcase name="registerMultipleCountiesTest" time="6.988" classname="it.akademija.admin.CountyTest"/>
  <testcase name="editCountyTest" time="2.995" classname="it.akademija.admin.CountyTest"/>
  <testcase name="deleteCountyTest" time="6.091" classname="it.akademija.admin.CountyTest"/>
  <testcase name="addCandidatesListTest" time="3.448" classname="it.akademija.admin.CountyTest"/>
  <testcase name="registerDistrictTest" time="2.719" classname="it.akademija.admin.DistrictTest"/>
  <testcase name="registerDistrictTest" time="1.375" classname="it.akademija.admin.DistrictTest"/>
  <testcase name="registerExistingDistrictAndAssigntToDifferentCountyTest" time="2.236" classname="it.akademija.admin.DistrictTest"/>
  <testcase name="registerMultipleDistrictsToDifferentCountiesTest" time="6.488" classname="it.akademija.admin.DistrictTest"/>
  <testcase name="registerMultipleDistrictsToOneCountyTest" time="5.811" classname="it.akademija.admin.DistrictTest"/>
  <testcase name="editDistrictTest" time="3.795" classname="it.akademija.admin.DistrictTest"/>
  <testcase name="deleteDistrictTest" time="2.61" classname="it.akademija.admin.DistrictTest"/>
  <testcase name="registerMultipleRepresentativesTest" time="6.352" classname="it.akademija.admin.RepresentativeTest">
    <failure type="java.lang.IndexOutOfBoundsException" message="Index: 1, Size: 1">
      <![CDATA[java.lang.IndexOutOfBoundsException: Index: 1, Size: 1
	at java.util.ArrayList.rangeCheck(ArrayList.java:653)
	at java.util.ArrayList.get(ArrayList.java:429)
	at it.akademija.admin.RepresentativePage.getRepresentativesLoginAndPassword(RepresentativePage.java:125)
	at it.akademija.admin.RepresentativePage.registerDistrictRepresentative(RepresentativePage.java:81)
	at it.akademija.admin.RepresentativePage.registerMultipleDistrictRepresentative(RepresentativePage.java:99)
	at it.akademija.admin.RepresentativeTest.registerMultipleRepresentativesTest(RepresentativeTest.java:48)
... Removed 25 stack frames]]>
    </failure>
  </testcase> <!-- registerMultipleRepresentativesTest -->
  <testcase name="registerSingleRepresentativeTest" time="3.699" classname="it.akademija.admin.RepresentativeTest"/>
  <testcase name="registerPartyWithOtherFileTest" time="1.548" classname="it.akademija.admin.PartyTest"/>
  <testcase name="registerPartyWithoutFileTest" time="1.064" classname="it.akademija.admin.PartyTest"/>
  <testcase name="registerPartyTest" time="1.157" classname="it.akademija.admin.PartyTest"/>
  <testcase name="registerPartyTest" time="0.887" classname="it.akademija.admin.PartyTest"/>
  <testcase name="registerPartyTest2" time="1.405" classname="it.akademija.admin.PartyTest"/>
  <testcase name="editPartyTest" time="3.679" classname="it.akademija.admin.PartyTest"/>
  <testcase name="deletePartyTest" time="3.125" classname="it.akademija.admin.PartyTest"/>
  <testcase name="deleteCandidatesTest" time="2.704" classname="it.akademija.admin.PartyTest"/>
  <testcase name="editNameAndSurnameTest" time="7.829" classname="it.akademija.admin.CandidatesTest"/>
  <testcase name="deleteAllData" time="33.199" classname="it.akademija.voting.DeletionOfAllData"/>
</testsuite> <!-- Suite -->
