<?xml version="1.0" encoding="UTF-8"?>
<!-- Generated by org.testng.reporters.JUnitXMLReporter -->
<testsuite hostname="DESKTOP-O933604" ignored="0" name="Suite" tests="29" failures="0" timestamp="16 Kov 2017 09:49:49 GMT" time="231.786" errors="0">
  <testcase name="registerCountyTest" time="1.216" classname="it.akademija.admin.CountyTest"/>
  <testcase name="registerCountyTest" time="0.738" classname="it.akademija.admin.CountyTest"/>
  <testcase name="registerMultipleCountiesTest" time="3.261" classname="it.akademija.admin.CountyTest"/>
  <testcase name="editCountyTest" time="2.079" classname="it.akademija.admin.CountyTest"/>
  <testcase name="deleteCountyTest" time="2.734" classname="it.akademija.admin.CountyTest"/>
  <testcase name="addCandidatesListTest" time="2.305" classname="it.akademija.admin.CountyTest"/>
  <testcase name="registerDistrictTest" time="2.004" classname="it.akademija.admin.DistrictTest"/>
  <testcase name="registerDistrictTest" time="1.009" classname="it.akademija.admin.DistrictTest"/>
  <testcase name="registerExistingDistrictAndAssigntToDifferentCountyTest" time="1.382" classname="it.akademija.admin.DistrictTest"/>
  <testcase name="registerMultipleDistrictsToDifferentCountiesTest" time="3.79" classname="it.akademija.admin.DistrictTest"/>
  <testcase name="registerMultipleDistrictsToOneCountyTest" time="3.498" classname="it.akademija.admin.DistrictTest"/>
  <testcase name="editDistrictTest" time="2.804" classname="it.akademija.admin.DistrictTest"/>
  <testcase name="deleteDistrictTest" time="2.407" classname="it.akademija.admin.DistrictTest"/>
  <testcase name="registerMultipleRepresentativesTest" time="4.621" classname="it.akademija.admin.RepresentativeTest"/>
  <testcase name="registerSingleRepresentativeTest" time="1.242" classname="it.akademija.admin.RepresentativeTest"/>
  <testcase name="registerPartyWithOtherFileTest" time="1.268" classname="it.akademija.admin.PartyTest"/>
  <testcase name="registerPartyWithoutFileTest" time="1.04" classname="it.akademija.admin.PartyTest"/>
  <testcase name="registerPartyTest" time="1.105" classname="it.akademija.admin.PartyTest"/>
  <testcase name="registerPartyTest" time="0.834" classname="it.akademija.admin.PartyTest"/>
  <testcase name="registerPartyTest2" time="1.148" classname="it.akademija.admin.PartyTest"/>
  <testcase name="editPartyTest" time="3.072" classname="it.akademija.admin.PartyTest"/>
  <testcase name="deletePartyTest" time="2.735" classname="it.akademija.admin.PartyTest"/>
  <testcase name="deleteCandidatesTest" time="2.623" classname="it.akademija.admin.PartyTest"/>
  <testcase name="editNameAndSurnameTest" time="6.812" classname="it.akademija.admin.CandidatesTest"/>
  <testcase name="fillingSingleMemberResults" time="1.41" classname="it.akademija.representative.SingleMemberTest"/>
  <testcase name="fillingMultiMemberResults" time="2.8" classname="it.akademija.representative.MultiMemberTest"/>
  <testcase name="deleteResultsInSingleMemberTest" time="29.197" classname="it.akademija.admin.ResultsTest"/>
  <testcase name="deleteResultsInMultiMemberTest" time="13.966" classname="it.akademija.admin.ResultsTest"/>
  <testcase name="deleteAllData" time="38.844" classname="it.akademija.voting.DeletionOfAllData"/>
</testsuite> <!-- Suite -->
