<?xml version="1.0" encoding="UTF-8"?>
<!-- Generated by org.testng.reporters.JUnitXMLReporter -->
<testsuite hostname="DESKTOP-O933604" name="ChromeTest" tests="8" failures="0" timestamp="1 Mar 2017 11:26:37 GMT" time="43.646" errors="0">
  <testcase name="wrongAdministratorLogin" time="1.077" classname="it.akademija.admin.LoginAdministratorTest"/>
  <testcase name="loginAdministratorTest" time="0.479" classname="it.akademija.admin.LoginAdministratorTest"/>
  <testcase name="registerCountyTest" time="3.151" classname="it.akademija.admin.CountyTest"/>
  <testcase name="registerCountyTest" time="0.936" classname="it.akademija.admin.CountyTest"/>
  <testcase name="registerMultipleCountiesTest" time="7.261" classname="it.akademija.admin.CountyTest"/>
  <testcase name="editCountyTest" time="1.947" classname="it.akademija.admin.CountyTest"/>
  <testcase name="deleteCountyTest" time="3.582" classname="it.akademija.admin.CountyTest"/>
  <testcase name="addCandidatesListTest" time="3.424" classname="it.akademija.admin.CountyTest"/>
</testsuite> <!-- ChromeTest -->
