<?xml version="1.0" encoding="UTF-8"?>
<testsuite name="TestSuite" time="222.016" tests="39" errors="0" skipped="25" failures="12">
  <properties>
[...]
</properties>
  <testcase name="wrongAdministratorLogin" classname="it.akademija.admin.TestLoginAdministrator" time="3.073">
    <failure message="expected [true] but found [false]" type="java.lang.AssertionError">java.lang.AssertionError: expected [true] but found [false]
	at org.testng.Assert.fail(Assert.java:94)
	at org.testng.Assert.failNotEquals(Assert.java:494)
	at org.testng.Assert.assertTrue(Assert.java:42)
	at org.testng.Assert.assertTrue(Assert.java:52)
	at it.akademija.admin.TestLoginAdministrator.wrongAdministratorLogin(TestLoginAdministrator.java:16)
</failure>
    <system-out><![CDATA[skaiciukas: 0
]]></system-out>
    <system-err><![CDATA[Starting ChromeDriver 2.27.440174 (e97a722caafc2d3a8b807ee115bfb307f7d2cfd9) on port 42636
Only local connections are allowed.
]]></system-err>
  </testcase>
  <testcase name="testLoginAdministrator" classname="it.akademija.admin.TestLoginAdministrator" time="10.384">
    <failure message="no such element: Unable to locate element: {&quot;method&quot;:&quot;partial link text&quot;,&quot;selector&quot;:&quot;RinkimÅ³ Sistema&quot;}&#10;  (Session info: chrome=56.0.2924.87)&#10;  (Driver info: chromedriver=2.27.440174 (e97a722caafc2d3a8b807ee115bfb307f7d2cfd9),platform=Windows NT 10.0.14393 x86_64) (WARNING: The server did not provide any stacktrace information)&#10;Command duration or timeout: 10.06 seconds&#10;For documentation on this error, please visit: http://seleniumhq.org/exceptions/no_such_element.html&#10;Build info: version: &apos;2.53.1&apos;, revision: &apos;a36b8b1cd5757287168e54b817830adce9b0158d&apos;, time: &apos;2016-06-30 19:26:09&apos;&#10;System info: host: &apos;DESKTOP-O933604&apos;, ip: &apos;192.168.1.233&apos;, os.name: &apos;Windows 10&apos;, os.arch: &apos;amd64&apos;, os.version: &apos;10.0&apos;, java.version: &apos;1.8.0_73&apos;&#10;Driver info: org.openqa.selenium.chrome.ChromeDriver&#10;Capabilities [{applicationCacheEnabled=false, rotatable=false, mobileEmulationEnabled=false, networkConnectionEnabled=false, chrome={chromedriverVersion=2.27.440174 (e97a722caafc2d3a8b807ee115bfb307f7d2cfd9), userDataDir=C:\Users\User\AppData\Local\Temp\scoped_dir13544_24145}, takesHeapSnapshot=true, pageLoadStrategy=normal, databaseEnabled=false, handlesAlerts=true, hasTouchScreen=false, version=56.0.2924.87, platform=XP, browserConnectionEnabled=false, nativeEvents=true, acceptSslCerts=true, locationContextEnabled=true, webStorageEnabled=true, browserName=chrome, takesScreenshot=true, javascriptEnabled=true, cssSelectorsEnabled=true, unexpectedAlertBehaviour=}]&#10;Session ID: 3fb84d3259e3278ecee2b1778d59d7a0&#10;*** Element info: {Using=partial link text, value=RinkimÅ³ Sistema}" type="org.openqa.selenium.NoSuchElementException">org.openqa.selenium.NoSuchElementException: no such element: Unable to locate element: {"method":"partial link text","selector":"RinkimÅ³ Sistema"}
  (Session info: chrome=56.0.2924.87)
  (Driver info: chromedriver=2.27.440174 (e97a722caafc2d3a8b807ee115bfb307f7d2cfd9),platform=Windows NT 10.0.14393 x86_64) (WARNING: The server did not provide any stacktrace information)
Command duration or timeout: 10.06 seconds
For documentation on this error, please visit: http://seleniumhq.org/exceptions/no_such_element.html
Build info: version: '2.53.1', revision: 'a36b8b1cd5757287168e54b817830adce9b0158d', time: '2016-06-30 19:26:09'
System info: host: 'DESKTOP-O933604', ip: '192.168.1.233', os.name: 'Windows 10', os.arch: 'amd64', os.version: '10.0', java.version: '1.8.0_73'
Driver info: org.openqa.selenium.chrome.ChromeDriver
Capabilities [{applicationCacheEnabled=false, rotatable=false, mobileEmulationEnabled=false, networkConnectionEnabled=false, chrome={chromedriverVersion=2.27.440174 (e97a722caafc2d3a8b807ee115bfb307f7d2cfd9), userDataDir=C:\Users\User\AppData\Local\Temp\scoped_dir13544_24145}, takesHeapSnapshot=true, pageLoadStrategy=normal, databaseEnabled=false, handlesAlerts=true, hasTouchScreen=false, version=56.0.2924.87, platform=XP, browserConnectionEnabled=false, nativeEvents=true, acceptSslCerts=true, locationContextEnabled=true, webStorageEnabled=true, browserName=chrome, takesScreenshot=true, javascriptEnabled=true, cssSelectorsEnabled=true, unexpectedAlertBehaviour=}]
Session ID: 3fb84d3259e3278ecee2b1778d59d7a0
*** Element info: {Using=partial link text, value=RinkimÅ³ Sistema}
	at sun.reflect.NativeConstructorAccessorImpl.newInstance0(Native Method)
	at sun.reflect.NativeConstructorAccessorImpl.newInstance(NativeConstructorAccessorImpl.java:62)
	at sun.reflect.DelegatingConstructorAccessorImpl.newInstance(DelegatingConstructorAccessorImpl.java:45)
	at java.lang.reflect.Constructor.newInstance(Constructor.java:422)
	at org.openqa.selenium.remote.ErrorHandler.createThrowable(ErrorHandler.java:206)
	at org.openqa.selenium.remote.ErrorHandler.throwIfResponseFailed(ErrorHandler.java:158)
	at org.openqa.selenium.remote.RemoteWebDriver.execute(RemoteWebDriver.java:678)
	at org.openqa.selenium.remote.RemoteWebDriver.findElement(RemoteWebDriver.java:363)
	at org.openqa.selenium.remote.RemoteWebDriver.findElementByPartialLinkText(RemoteWebDriver.java:436)
	at org.openqa.selenium.By$ByPartialLinkText.findElement(By.java:273)
	at org.openqa.selenium.remote.RemoteWebDriver.findElement(RemoteWebDriver.java:355)
	at org.openqa.selenium.support.pagefactory.DefaultElementLocator.findElement(DefaultElementLocator.java:69)
	at org.openqa.selenium.support.pagefactory.internal.LocatingElementHandler.invoke(LocatingElementHandler.java:38)
	at com.sun.proxy.$Proxy6.isDisplayed(Unknown Source)
	at it.akademija.admin.TestLoginAdministrator.testLoginAdministrator(TestLoginAdministrator.java:27)
</failure>
  </testcase>
  <testcase name="testRegisterCounty" classname="it.akademija.admin.TestCounty" time="2.552"/>
  <testcase name="testRegisterCounty" classname="it.akademija.admin.TestCounty" time="0.607">
    <failure message="expected [true] but found [false]" type="java.lang.AssertionError">java.lang.AssertionError: expected [true] but found [false]
	at org.testng.Assert.fail(Assert.java:94)
	at org.testng.Assert.failNotEquals(Assert.java:494)
	at org.testng.Assert.assertTrue(Assert.java:42)
	at org.testng.Assert.assertTrue(Assert.java:52)
	at it.akademija.admin.TestCounty.testRegisterCounty(TestCounty.java:31)
</failure>
  </testcase>
  <testcase name="testRegisterMultipleCounties" classname="it.akademija.admin.TestCounty" time="3.76"/>
  <testcase name="testEditCounty" classname="it.akademija.admin.TestCounty" time="1.747">
    <failure message="expected [true] but found [false]" type="java.lang.AssertionError">java.lang.AssertionError: expected [true] but found [false]
	at org.testng.Assert.fail(Assert.java:94)
	at org.testng.Assert.failNotEquals(Assert.java:494)
	at org.testng.Assert.assertTrue(Assert.java:42)
	at org.testng.Assert.assertTrue(Assert.java:52)
	at it.akademija.admin.TestCounty.testEditCounty(TestCounty.java:48)
</failure>
  </testcase>
  <testcase name="testAddCandidatesList" classname="it.akademija.admin.TestCounty" time="1.43">
    <failure message="expected [true] but found [false]" type="java.lang.AssertionError">java.lang.AssertionError: expected [true] but found [false]
	at org.testng.Assert.fail(Assert.java:94)
	at org.testng.Assert.failNotEquals(Assert.java:494)
	at org.testng.Assert.assertTrue(Assert.java:42)
	at org.testng.Assert.assertTrue(Assert.java:52)
	at it.akademija.admin.CountyPage.addCandidatesList(CountyPage.java:86)
	at it.akademija.admin.TestCounty.testAddCandidatesList(TestCounty.java:55)
</failure>
  </testcase>
  <testcase name="testRegisterDistrict" classname="it.akademija.admin.TestDistrict" time="13.705">
    <failure message="District wasn&apos;t succesfully created. expected [true] but found [false]" type="java.lang.AssertionError">java.lang.AssertionError: District wasn't succesfully created. expected [true] but found [false]
	at org.testng.Assert.fail(Assert.java:94)
	at org.testng.Assert.failNotEquals(Assert.java:494)
	at org.testng.Assert.assertTrue(Assert.java:42)
	at it.akademija.admin.TestDistrict.testRegisterDistrict(TestDistrict.java:20)
</failure>
    <system-out><![CDATA[skaiciukas: 2
]]></system-out>
    <system-err><![CDATA[Starting ChromeDriver 2.27.440174 (e97a722caafc2d3a8b807ee115bfb307f7d2cfd9) on port 3248
Only local connections are allowed.
]]></system-err>
  </testcase>
  <testcase name="testRegisterExistingDistrictAndAssigntToDifferentCounty" classname="it.akademija.admin.TestDistrict" time="7.29">
    <failure message="expected [true] but found [false]" type="java.lang.AssertionError">java.lang.AssertionError: expected [true] but found [false]
	at org.testng.Assert.fail(Assert.java:94)
	at org.testng.Assert.failNotEquals(Assert.java:494)
	at org.testng.Assert.assertTrue(Assert.java:42)
	at org.testng.Assert.assertTrue(Assert.java:52)
	at it.akademija.admin.TestDistrict.testRegisterExistingDistrictAndAssigntToDifferentCounty(TestDistrict.java:44)
</failure>
  </testcase>
  <testcase name="testRegisterMultipleDistrictsToDifferentCounties" classname="it.akademija.admin.TestDistrict" time="6.666">
    <failure message="expected [true] but found [false]" type="java.lang.AssertionError">java.lang.AssertionError: expected [true] but found [false]
	at org.testng.Assert.fail(Assert.java:94)
	at org.testng.Assert.failNotEquals(Assert.java:494)
	at org.testng.Assert.assertTrue(Assert.java:42)
	at org.testng.Assert.assertTrue(Assert.java:52)
	at it.akademija.admin.DistrictPage.registerMultipleDistricts(DistrictPage.java:109)
	at it.akademija.admin.TestDistrict.testRegisterMultipleDistrictsToDifferentCounties(TestDistrict.java:56)
</failure>
  </testcase>
  <testcase name="testRegisterMultipleDistrictsToOneCounty" classname="it.akademija.admin.TestDistrict" time="7.091">
    <failure message="expected [true] but found [false]" type="java.lang.AssertionError">java.lang.AssertionError: expected [true] but found [false]
	at org.testng.Assert.fail(Assert.java:94)
	at org.testng.Assert.failNotEquals(Assert.java:494)
	at org.testng.Assert.assertTrue(Assert.java:42)
	at org.testng.Assert.assertTrue(Assert.java:52)
	at it.akademija.admin.DistrictPage.registerMultipleDistricts(DistrictPage.java:109)
	at it.akademija.admin.TestDistrict.testRegisterMultipleDistrictsToOneCounty(TestDistrict.java:50)
</failure>
  </testcase>
  <testcase name="testDeleteDistrict" classname="it.akademija.admin.TestDistrict" time="162.273">
    <failure type="java.lang.NullPointerException:">java.lang.NullPointerException: null
	at utilities.Utilities.findElementForDeletingAndEditing(Utilities.java:56)
	at it.akademija.admin.DistrictPage.deleteCounty(DistrictPage.java:125)
	at it.akademija.admin.TestDistrict.testDeleteDistrict(TestDistrict.java:69)
</failure>
  </testcase>
  <testcase name="testEditDistrict" classname="it.akademija.admin.TestDistrict" time="0.012">
    <failure message="no such window: target window already closed&#10;from unknown error: web view not found&#10;  (Session info: chrome=56.0.2924.87)&#10;  (Driver info: chromedriver=2.27.440174 (e97a722caafc2d3a8b807ee115bfb307f7d2cfd9),platform=Windows NT 10.0.14393 x86_64) (WARNING: The server did not provide any stacktrace information)&#10;Command duration or timeout: 6 milliseconds&#10;Build info: version: &apos;2.53.1&apos;, revision: &apos;a36b8b1cd5757287168e54b817830adce9b0158d&apos;, time: &apos;2016-06-30 19:26:09&apos;&#10;System info: host: &apos;DESKTOP-O933604&apos;, ip: &apos;192.168.1.233&apos;, os.name: &apos;Windows 10&apos;, os.arch: &apos;amd64&apos;, os.version: &apos;10.0&apos;, java.version: &apos;1.8.0_73&apos;&#10;Driver info: org.openqa.selenium.chrome.ChromeDriver&#10;Capabilities [{applicationCacheEnabled=false, rotatable=false, mobileEmulationEnabled=false, networkConnectionEnabled=false, chrome={chromedriverVersion=2.27.440174 (e97a722caafc2d3a8b807ee115bfb307f7d2cfd9), userDataDir=C:\Users\User\AppData\Local\Temp\scoped_dir2856_17004}, takesHeapSnapshot=true, pageLoadStrategy=normal, databaseEnabled=false, handlesAlerts=true, hasTouchScreen=false, version=56.0.2924.87, platform=XP, browserConnectionEnabled=false, nativeEvents=true, acceptSslCerts=true, locationContextEnabled=true, webStorageEnabled=true, browserName=chrome, takesScreenshot=true, javascriptEnabled=true, cssSelectorsEnabled=true, unexpectedAlertBehaviour=}]&#10;Session ID: 28d0e545671838fb85cf2df4f6d45b35&#10;*** Element info: {Using=id, value=district-button}" type="org.openqa.selenium.NoSuchWindowException">org.openqa.selenium.NoSuchWindowException: no such window: target window already closed
from unknown error: web view not found
  (Session info: chrome=56.0.2924.87)
  (Driver info: chromedriver=2.27.440174 (e97a722caafc2d3a8b807ee115bfb307f7d2cfd9),platform=Windows NT 10.0.14393 x86_64) (WARNING: The server did not provide any stacktrace information)
Command duration or timeout: 6 milliseconds
Build info: version: '2.53.1', revision: 'a36b8b1cd5757287168e54b817830adce9b0158d', time: '2016-06-30 19:26:09'
System info: host: 'DESKTOP-O933604', ip: '192.168.1.233', os.name: 'Windows 10', os.arch: 'amd64', os.version: '10.0', java.version: '1.8.0_73'
Driver info: org.openqa.selenium.chrome.ChromeDriver
Capabilities [{applicationCacheEnabled=false, rotatable=false, mobileEmulationEnabled=false, networkConnectionEnabled=false, chrome={chromedriverVersion=2.27.440174 (e97a722caafc2d3a8b807ee115bfb307f7d2cfd9), userDataDir=C:\Users\User\AppData\Local\Temp\scoped_dir2856_17004}, takesHeapSnapshot=true, pageLoadStrategy=normal, databaseEnabled=false, handlesAlerts=true, hasTouchScreen=false, version=56.0.2924.87, platform=XP, browserConnectionEnabled=false, nativeEvents=true, acceptSslCerts=true, locationContextEnabled=true, webStorageEnabled=true, browserName=chrome, takesScreenshot=true, javascriptEnabled=true, cssSelectorsEnabled=true, unexpectedAlertBehaviour=}]
Session ID: 28d0e545671838fb85cf2df4f6d45b35
*** Element info: {Using=id, value=district-button}
	at sun.reflect.NativeConstructorAccessorImpl.newInstance0(Native Method)
	at sun.reflect.NativeConstructorAccessorImpl.newInstance(NativeConstructorAccessorImpl.java:62)
	at sun.reflect.DelegatingConstructorAccessorImpl.newInstance(DelegatingConstructorAccessorImpl.java:45)
	at java.lang.reflect.Constructor.newInstance(Constructor.java:422)
	at org.openqa.selenium.remote.ErrorHandler.createThrowable(ErrorHandler.java:206)
	at org.openqa.selenium.remote.ErrorHandler.throwIfResponseFailed(ErrorHandler.java:158)
	at org.openqa.selenium.remote.RemoteWebDriver.execute(RemoteWebDriver.java:678)
	at org.openqa.selenium.remote.RemoteWebDriver.findElement(RemoteWebDriver.java:363)
	at org.openqa.selenium.remote.RemoteWebDriver.findElementById(RemoteWebDriver.java:413)
	at org.openqa.selenium.By$ById.findElement(By.java:218)
	at org.openqa.selenium.remote.RemoteWebDriver.findElement(RemoteWebDriver.java:355)
	at org.openqa.selenium.support.pagefactory.DefaultElementLocator.findElement(DefaultElementLocator.java:69)
	at org.openqa.selenium.support.pagefactory.internal.LocatingElementHandler.invoke(LocatingElementHandler.java:38)
	at com.sun.proxy.$Proxy6.click(Unknown Source)
	at utilities.Utilities.findElementForDeletingAndEditing(Utilities.java:52)
	at it.akademija.admin.DistrictPage.editDistrict(DistrictPage.java:114)
	at it.akademija.admin.TestDistrict.testEditDistrict(TestDistrict.java:62)
</failure>
  </testcase>
  <testcase name="endingTestActivities" classname="it.akademija.admin.TestDistrict" time="2.033">
    <failure message="chrome not reachable&#10;  (Session info: chrome=56.0.2924.87)&#10;  (Driver info: chromedriver=2.27.440174 (e97a722caafc2d3a8b807ee115bfb307f7d2cfd9),platform=Windows NT 10.0.14393 x86_64) (WARNING: The server did not provide any stacktrace information)&#10;Command duration or timeout: 2.02 seconds&#10;Build info: version: &apos;2.53.1&apos;, revision: &apos;a36b8b1cd5757287168e54b817830adce9b0158d&apos;, time: &apos;2016-06-30 19:26:09&apos;&#10;System info: host: &apos;DESKTOP-O933604&apos;, ip: &apos;192.168.1.233&apos;, os.name: &apos;Windows 10&apos;, os.arch: &apos;amd64&apos;, os.version: &apos;10.0&apos;, java.version: &apos;1.8.0_73&apos;&#10;Driver info: org.openqa.selenium.chrome.ChromeDriver&#10;Capabilities [{applicationCacheEnabled=false, rotatable=false, mobileEmulationEnabled=false, networkConnectionEnabled=false, chrome={chromedriverVersion=2.27.440174 (e97a722caafc2d3a8b807ee115bfb307f7d2cfd9), userDataDir=C:\Users\User\AppData\Local\Temp\scoped_dir2856_17004}, takesHeapSnapshot=true, pageLoadStrategy=normal, databaseEnabled=false, handlesAlerts=true, hasTouchScreen=false, version=56.0.2924.87, platform=XP, browserConnectionEnabled=false, nativeEvents=true, acceptSslCerts=true, locationContextEnabled=true, webStorageEnabled=true, browserName=chrome, takesScreenshot=true, javascriptEnabled=true, cssSelectorsEnabled=true, unexpectedAlertBehaviour=}]&#10;Session ID: 28d0e545671838fb85cf2df4f6d45b35" type="org.openqa.selenium.WebDriverException">org.openqa.selenium.WebDriverException: chrome not reachable
  (Session info: chrome=56.0.2924.87)
  (Driver info: chromedriver=2.27.440174 (e97a722caafc2d3a8b807ee115bfb307f7d2cfd9),platform=Windows NT 10.0.14393 x86_64) (WARNING: The server did not provide any stacktrace information)
Command duration or timeout: 2.02 seconds
Build info: version: '2.53.1', revision: 'a36b8b1cd5757287168e54b817830adce9b0158d', time: '2016-06-30 19:26:09'
System info: host: 'DESKTOP-O933604', ip: '192.168.1.233', os.name: 'Windows 10', os.arch: 'amd64', os.version: '10.0', java.version: '1.8.0_73'
Driver info: org.openqa.selenium.chrome.ChromeDriver
Capabilities [{applicationCacheEnabled=false, rotatable=false, mobileEmulationEnabled=false, networkConnectionEnabled=false, chrome={chromedriverVersion=2.27.440174 (e97a722caafc2d3a8b807ee115bfb307f7d2cfd9), userDataDir=C:\Users\User\AppData\Local\Temp\scoped_dir2856_17004}, takesHeapSnapshot=true, pageLoadStrategy=normal, databaseEnabled=false, handlesAlerts=true, hasTouchScreen=false, version=56.0.2924.87, platform=XP, browserConnectionEnabled=false, nativeEvents=true, acceptSslCerts=true, locationContextEnabled=true, webStorageEnabled=true, browserName=chrome, takesScreenshot=true, javascriptEnabled=true, cssSelectorsEnabled=true, unexpectedAlertBehaviour=}]
Session ID: 28d0e545671838fb85cf2df4f6d45b35
	at sun.reflect.NativeConstructorAccessorImpl.newInstance0(Native Method)
	at sun.reflect.NativeConstructorAccessorImpl.newInstance(NativeConstructorAccessorImpl.java:62)
	at sun.reflect.DelegatingConstructorAccessorImpl.newInstance(DelegatingConstructorAccessorImpl.java:45)
	at java.lang.reflect.Constructor.newInstance(Constructor.java:422)
	at org.openqa.selenium.remote.ErrorHandler.createThrowable(ErrorHandler.java:206)
	at org.openqa.selenium.remote.ErrorHandler.throwIfResponseFailed(ErrorHandler.java:158)
	at org.openqa.selenium.remote.RemoteWebDriver.execute(RemoteWebDriver.java:678)
	at org.openqa.selenium.remote.RemoteWebDriver.execute(RemoteWebDriver.java:701)
	at org.openqa.selenium.remote.RemoteWebDriver.close(RemoteWebDriver.java:521)
	at it.akademija.admin.VotingSystem.endingTestActivities(VotingSystem.java:103)
	at sun.reflect.NativeMethodAccessorImpl.invoke0(Native Method)
	at sun.reflect.NativeMethodAccessorImpl.invoke(NativeMethodAccessorImpl.java:62)
	at sun.reflect.DelegatingMethodAccessorImpl.invoke(DelegatingMethodAccessorImpl.java:43)
	at java.lang.reflect.Method.invoke(Method.java:497)
	at org.testng.internal.MethodInvocationHelper.invokeMethod(MethodInvocationHelper.java:80)
	at org.testng.internal.Invoker.invokeConfigurationMethod(Invoker.java:564)
	at org.testng.internal.Invoker.invokeConfigurations(Invoker.java:213)
	at org.testng.internal.Invoker.invokeConfigurations(Invoker.java:138)
	at org.testng.internal.TestMethodWorker.invokeAfterClassMethods(TestMethodWorker.java:225)
	at org.testng.internal.TestMethodWorker.run(TestMethodWorker.java:114)
	at org.testng.TestRunner.privateRun(TestRunner.java:767)
	at org.testng.TestRunner.run(TestRunner.java:617)
	at org.testng.SuiteRunner.runTest(SuiteRunner.java:334)
	at org.testng.SuiteRunner.access$000(SuiteRunner.java:37)
	at org.testng.SuiteRunner$SuiteWorker.run(SuiteRunner.java:368)
	at org.testng.internal.thread.ThreadUtil$2.call(ThreadUtil.java:64)
	at java.util.concurrent.FutureTask.run(FutureTask.java:266)
	at java.util.concurrent.ThreadPoolExecutor.runWorker(ThreadPoolExecutor.java:1142)
	at java.util.concurrent.ThreadPoolExecutor$Worker.run(ThreadPoolExecutor.java:617)
	at java.lang.Thread.run(Thread.java:745)
</failure>
  </testcase>
  <testcase name="settingUp" classname="it.akademija.admin.TestRepresentative" time="0">
    <skipped/>
  </testcase>
  <testcase name="testRegisterMultipleRepresentatives" classname="it.akademija.admin.TestRepresentative" time="0">
    <skipped/>
  </testcase>
  <testcase name="testRegisterSingleRepresentative" classname="it.akademija.admin.TestRepresentative" time="0">
    <skipped/>
  </testcase>
  <testcase name="endingTestActivities" classname="it.akademija.admin.TestRepresentative" time="0">
    <skipped/>
  </testcase>
  <testcase name="settingUp" classname="it.akademija.admin.TestParty" time="0">
    <skipped/>
  </testcase>
  <testcase name="testRegisterParty" classname="it.akademija.admin.TestParty" time="0">
    <skipped/>
  </testcase>
  <testcase name="testRegisterParty" classname="it.akademija.admin.TestParty" time="0">
    <skipped/>
  </testcase>
  <testcase name="testRegisterParty2" classname="it.akademija.admin.TestParty" time="0">
    <skipped/>
  </testcase>
  <testcase name="testRegisterPartyWithOtherFile" classname="it.akademija.admin.TestParty" time="0">
    <skipped/>
  </testcase>
  <testcase name="testRegisterPartyWithoutFile" classname="it.akademija.admin.TestParty" time="0">
    <skipped/>
  </testcase>
  <testcase name="testDeleteCandidates" classname="it.akademija.admin.TestParty" time="0">
    <skipped/>
  </testcase>
  <testcase name="testEditParty" classname="it.akademija.admin.TestParty" time="0">
    <skipped/>
  </testcase>
  <testcase name="testDeleteParty" classname="it.akademija.admin.TestParty" time="0">
    <skipped/>
  </testcase>
  <testcase name="endingTestActivities" classname="it.akademija.admin.TestParty" time="0">
    <skipped/>
  </testcase>
  <testcase name="settingUp" classname="it.akademija.admin.TestCandidates" time="0">
    <skipped/>
  </testcase>
  <testcase name="testEditNameAndSurname" classname="it.akademija.admin.TestCandidates" time="0">
    <skipped/>
  </testcase>
  <testcase name="endingTestActivities" classname="it.akademija.admin.TestCandidates" time="0">
    <skipped/>
  </testcase>
  <testcase name="settingUp" classname="it.akademija.representative.TestSingleMember" time="0">
    <skipped/>
  </testcase>
  <testcase name="fillingSingleMemberResults" classname="it.akademija.representative.TestSingleMember" time="0">
    <skipped/>
  </testcase>
  <testcase name="endingTestActivities" classname="it.akademija.representative.TestSingleMember" time="0">
    <skipped/>
  </testcase>
  <testcase name="settingUp" classname="it.akademija.representative.TestMultiMember" time="0">
    <skipped/>
  </testcase>
  <testcase name="fillingMultiMemberResults" classname="it.akademija.representative.TestMultiMember" time="0">
    <skipped/>
  </testcase>
  <testcase name="endingTestActivities" classname="it.akademija.representative.TestMultiMember" time="0">
    <skipped/>
  </testcase>
  <testcase name="logoutAdministrator" classname="it.akademija.admin.TestLoginAdministrator" time="0">
    <skipped/>
  </testcase>
  <testcase name="endingTestActivities" classname="it.akademija.admin.TestLoginAdministrator" time="0">
    <skipped/>
  </testcase>
</testsuite>