<?xml version="1.0" encoding="UTF-8"?>
<testng-results skipped="0" failed="0" total="8" passed="8">
  <reporter-output>
  </reporter-output>
  <suite name="Suite" duration-ms="43646" started-at="2017-03-01T11:25:54Z" finished-at="2017-03-01T11:26:37Z">
    <groups>
    </groups>
    <test name="ChromeTest" duration-ms="43646" started-at="2017-03-01T11:25:54Z" finished-at="2017-03-01T11:26:37Z">
      <class name="it.akademija.admin.LoginAdministratorTest">
        <test-method status="PASS" signature="settingUp(java.lang.String, java.lang.String, java.lang.String, java.lang.String)[pri:0, instance:it.akademija.admin.LoginAdministratorTest@17c68925]" name="settingUp" is-config="true" duration-ms="11640" started-at="2017-03-01T13:25:54Z" finished-at="2017-03-01T13:26:05Z">
          <params>
            <param index="0">
              <value>
                <![CDATA[http://localhost:9090]]>
              </value>
            </param>
            <param index="1">
              <value>
                <![CDATA[firefox]]>
              </value>
            </param>
            <param index="2">
              <value>
                <![CDATA[http://localhost:9090/#/admin/]]>
              </value>
            </param>
            <param index="3">
              <value>
                <![CDATA[http://localhost:9090/#/representative/]]>
              </value>
            </param>
          </params>
          <reporter-output>
          </reporter-output>
        </test-method> <!-- settingUp -->
        <test-method status="PASS" signature="wrongAdministratorLogin(java.lang.String, java.lang.String)[pri:0, instance:it.akademija.admin.LoginAdministratorTest@17c68925]" name="wrongAdministratorLogin" duration-ms="1077" started-at="2017-03-01T13:26:05Z" finished-at="2017-03-01T13:26:06Z">
          <params>
            <param index="0">
              <value>
                <![CDATA[admin]]>
              </value>
            </param>
            <param index="1">
              <value>
                <![CDATA[1234]]>
              </value>
            </param>
          </params>
          <reporter-output>
          </reporter-output>
        </test-method> <!-- wrongAdministratorLogin -->
        <test-method status="PASS" signature="loginAdministratorTest(java.lang.String, java.lang.String)[pri:0, instance:it.akademija.admin.LoginAdministratorTest@17c68925]" name="loginAdministratorTest" duration-ms="479" started-at="2017-03-01T13:26:06Z" finished-at="2017-03-01T13:26:07Z">
          <params>
            <param index="0">
              <value>
                <![CDATA[admin]]>
              </value>
            </param>
            <param index="1">
              <value>
                <![CDATA[admin]]>
              </value>
            </param>
          </params>
          <reporter-output>
          </reporter-output>
        </test-method> <!-- loginAdministratorTest -->
        <test-method status="PASS" signature="endingTestActivities()[pri:0, instance:it.akademija.admin.LoginAdministratorTest@17c68925]" name="endingTestActivities" is-config="true" duration-ms="12" started-at="2017-03-01T13:26:07Z" finished-at="2017-03-01T13:26:07Z">
          <reporter-output>
          </reporter-output>
        </test-method> <!-- endingTestActivities -->
      </class> <!-- it.akademija.admin.LoginAdministratorTest -->
      <class name="it.akademija.admin.CountyTest">
        <test-method status="PASS" signature="settingUp(java.lang.String, java.lang.String, java.lang.String, java.lang.String)[pri:0, instance:it.akademija.admin.CountyTest@3ac3fd8b]" name="settingUp" is-config="true" duration-ms="10113" started-at="2017-03-01T13:26:07Z" finished-at="2017-03-01T13:26:17Z">
          <params>
            <param index="0">
              <value>
                <![CDATA[http://localhost:9090]]>
              </value>
            </param>
            <param index="1">
              <value>
                <![CDATA[firefox]]>
              </value>
            </param>
            <param index="2">
              <value>
                <![CDATA[http://localhost:9090/#/admin/]]>
              </value>
            </param>
            <param index="3">
              <value>
                <![CDATA[http://localhost:9090/#/representative/]]>
              </value>
            </param>
          </params>
          <reporter-output>
          </reporter-output>
        </test-method> <!-- settingUp -->
        <test-method status="PASS" signature="registerCountyTest(java.lang.String)[pri:0, instance:it.akademija.admin.CountyTest@3ac3fd8b]" name="registerCountyTest" duration-ms="3151" started-at="2017-03-01T13:26:17Z" finished-at="2017-03-01T13:26:20Z">
          <params>
            <param index="0">
              <value>
                <![CDATA[Akmenes]]>
              </value>
            </param>
          </params>
          <reporter-output>
          </reporter-output>
        </test-method> <!-- registerCountyTest -->
        <test-method status="PASS" signature="registerCountyTest(java.lang.String)[pri:0, instance:it.akademija.admin.CountyTest@3ac3fd8b]" name="registerCountyTest" duration-ms="936" started-at="2017-03-01T13:26:20Z" finished-at="2017-03-01T13:26:21Z">
          <params>
            <param index="0">
              <value>
                <![CDATA[Akmenes]]>
              </value>
            </param>
          </params>
          <reporter-output>
          </reporter-output>
        </test-method> <!-- registerCountyTest -->
        <test-method status="PASS" signature="registerMultipleCountiesTest(java.lang.String)[pri:0, instance:it.akademija.admin.CountyTest@3ac3fd8b]" name="registerMultipleCountiesTest" duration-ms="7261" started-at="2017-03-01T13:26:21Z" finished-at="2017-03-01T13:26:28Z">
          <params>
            <param index="0">
              <value>
                <![CDATA[src/test/resources/county-input.txt]]>
              </value>
            </param>
          </params>
          <reporter-output>
          </reporter-output>
        </test-method> <!-- registerMultipleCountiesTest -->
        <test-method status="PASS" signature="editCountyTest(java.lang.String, java.lang.String)[pri:0, instance:it.akademija.admin.CountyTest@3ac3fd8b]" name="editCountyTest" duration-ms="1947" started-at="2017-03-01T13:26:28Z" finished-at="2017-03-01T13:26:30Z">
          <params>
            <param index="0">
              <value>
                <![CDATA[Akmenes]]>
              </value>
            </param>
            <param index="1">
              <value>
                <![CDATA[Akmenėss]]>
              </value>
            </param>
          </params>
          <reporter-output>
          </reporter-output>
        </test-method> <!-- editCountyTest -->
        <test-method status="PASS" signature="deleteCountyTest(java.lang.String)[pri:0, instance:it.akademija.admin.CountyTest@3ac3fd8b]" name="deleteCountyTest" duration-ms="3582" started-at="2017-03-01T13:26:30Z" finished-at="2017-03-01T13:26:34Z">
          <params>
            <param index="0">
              <value>
                <![CDATA[Senamiesčioo]]>
              </value>
            </param>
          </params>
          <reporter-output>
          </reporter-output>
        </test-method> <!-- deleteCountyTest -->
        <test-method status="PASS" signature="addCandidatesListTest(java.lang.String, java.lang.String)[pri:0, instance:it.akademija.admin.CountyTest@3ac3fd8b]" name="addCandidatesListTest" duration-ms="3424" started-at="2017-03-01T13:26:34Z" finished-at="2017-03-01T13:26:37Z">
          <params>
            <param index="0">
              <value>
                <![CDATA[Akmenėss]]>
              </value>
            </param>
            <param index="1">
              <value>
                <![CDATA[data-county.csv]]>
              </value>
            </param>
          </params>
          <reporter-output>
          </reporter-output>
        </test-method> <!-- addCandidatesListTest -->
        <test-method status="PASS" signature="endingTestActivities()[pri:0, instance:it.akademija.admin.CountyTest@3ac3fd8b]" name="endingTestActivities" is-config="true" duration-ms="6" started-at="2017-03-01T13:26:37Z" finished-at="2017-03-01T13:26:37Z">
          <reporter-output>
          </reporter-output>
        </test-method> <!-- endingTestActivities -->
      </class> <!-- it.akademija.admin.CountyTest -->
    </test> <!-- ChromeTest -->
  </suite> <!-- Suite -->
</testng-results>
