<?xml version="1.0" encoding="UTF-8"?>
<testng-results skipped="0" failed="6" total="15" passed="9">
  <reporter-output>
  </reporter-output>
  <suite name="Suite" duration-ms="132730" started-at="2017-03-02T08:21:04Z" finished-at="2017-03-02T08:23:16Z">
    <groups>
    </groups>
    <test name="ChromeTest" duration-ms="132730" started-at="2017-03-02T08:21:04Z" finished-at="2017-03-02T08:23:16Z">
      <class name="it.akademija.admin.RepresentativeTest">
        <test-method status="PASS" signature="settingUp(java.lang.String, java.lang.String, java.lang.String, java.lang.String)[pri:0, instance:it.akademija.admin.RepresentativeTest@3b6eb2ec]" name="settingUp" is-config="true" duration-ms="11582" started-at="2017-03-02T10:22:52Z" finished-at="2017-03-02T10:23:04Z">
          <params>
            <param index="0">
              <value>
                <![CDATA[http://localhost:9090]]>
              </value>
            </param>
            <param index="1">
              <value>
                <![CDATA[Firefox]]>
              </value>
            </param>
            <param index="2">
              <value>
                <![CDATA[http://localhost:9090/#/admin/]]>
              </value>
            </param>
            <param index="3">
              <value>
                <![CDATA[http://localhost:9090/#/representative/]]>
              </value>
            </param>
          </params>
          <reporter-output>
          </reporter-output>
        </test-method> <!-- settingUp -->
        <test-method status="FAIL" signature="registerMultipleRepresentativesTest(java.lang.String, java.lang.String, java.lang.String)[pri:0, instance:it.akademija.admin.RepresentativeTest@3b6eb2ec]" name="registerMultipleRepresentativesTest" duration-ms="8276" started-at="2017-03-02T10:23:04Z" finished-at="2017-03-02T10:23:12Z">
          <params>
            <param index="0">
              <value>
                <![CDATA[src/test/resources/representativeNames-input.txt]]>
              </value>
            </param>
            <param index="1">
              <value>
                <![CDATA[src/test/resources/representativeSurnames-input.txt]]>
              </value>
            </param>
            <param index="2">
              <value>
                <![CDATA[src/test/resources/variousDistricts-input.txt]]>
              </value>
            </param>
          </params>
          <exception class="java.lang.AssertionError">
            <message>
              <![CDATA[expected [true] but found [false]]]>
            </message>
            <full-stacktrace>
              <![CDATA[java.lang.AssertionError: expected [true] but found [false]
	at org.testng.Assert.fail(Assert.java:94)
	at org.testng.Assert.failNotEquals(Assert.java:494)
	at org.testng.Assert.assertTrue(Assert.java:42)
	at org.testng.Assert.assertTrue(Assert.java:52)
	at it.akademija.admin.RepresentativePage.registerMultipleDistrictRepresentative(RepresentativePage.java:89)
	at it.akademija.admin.RepresentativeTest.registerMultipleRepresentativesTest(RepresentativeTest.java:33)
	at sun.reflect.NativeMethodAccessorImpl.invoke0(Native Method)
	at sun.reflect.NativeMethodAccessorImpl.invoke(NativeMethodAccessorImpl.java:62)
	at sun.reflect.DelegatingMethodAccessorImpl.invoke(DelegatingMethodAccessorImpl.java:43)
	at java.lang.reflect.Method.invoke(Method.java:497)
	at org.testng.internal.MethodInvocationHelper.invokeMethod(MethodInvocationHelper.java:80)
	at org.testng.internal.Invoker.invokeMethod(Invoker.java:714)
	at org.testng.internal.Invoker.invokeTestMethod(Invoker.java:901)
	at org.testng.internal.Invoker.invokeTestMethods(Invoker.java:1231)
	at org.testng.internal.TestMethodWorker.invokeTestMethods(TestMethodWorker.java:127)
	at org.testng.internal.TestMethodWorker.run(TestMethodWorker.java:111)
	at org.testng.TestRunner.privateRun(TestRunner.java:767)
	at org.testng.TestRunner.run(TestRunner.java:617)
	at org.testng.SuiteRunner.runTest(SuiteRunner.java:334)
	at org.testng.SuiteRunner.runSequentially(SuiteRunner.java:329)
	at org.testng.SuiteRunner.privateRun(SuiteRunner.java:291)
	at org.testng.SuiteRunner.run(SuiteRunner.java:240)
	at org.testng.SuiteRunnerWorker.runSuite(SuiteRunnerWorker.java:52)
	at org.testng.SuiteRunnerWorker.run(SuiteRunnerWorker.java:86)
	at org.testng.TestNG.runSuitesSequentially(TestNG.java:1198)
	at org.testng.TestNG.runSuitesLocally(TestNG.java:1123)
	at org.testng.TestNG.run(TestNG.java:1031)
	at org.apache.maven.surefire.testng.TestNGExecutor.run(TestNGExecutor.java:295)
	at org.apache.maven.surefire.testng.TestNGXmlTestSuite.execute(TestNGXmlTestSuite.java:84)
	at org.apache.maven.surefire.testng.TestNGProvider.invoke(TestNGProvider.java:90)
	at org.apache.maven.surefire.booter.ForkedBooter.invokeProviderInSameClassLoader(ForkedBooter.java:203)
	at org.apache.maven.surefire.booter.ForkedBooter.runSuitesInProcess(ForkedBooter.java:155)
	at org.apache.maven.surefire.booter.ForkedBooter.main(ForkedBooter.java:103)
]]>
            </full-stacktrace>
          </exception> <!-- java.lang.AssertionError -->
          <reporter-output>
          </reporter-output>
        </test-method> <!-- registerMultipleRepresentativesTest -->
        <test-method status="FAIL" signature="registerSingleRepresentativeTest(java.lang.String, java.lang.String, java.lang.String)[pri:0, instance:it.akademija.admin.RepresentativeTest@3b6eb2ec]" name="registerSingleRepresentativeTest" duration-ms="4359" started-at="2017-03-02T10:23:12Z" finished-at="2017-03-02T10:23:16Z">
          <params>
            <param index="0">
              <value>
                <![CDATA[Birutė]]>
              </value>
            </param>
            <param index="1">
              <value>
                <![CDATA[Stolytė]]>
              </value>
            </param>
            <param index="2">
              <value>
                <![CDATA[Fabijoniskiu]]>
              </value>
            </param>
          </params>
          <exception class="java.lang.AssertionError">
            <message>
              <![CDATA[expected [true] but found [false]]]>
            </message>
            <full-stacktrace>
              <![CDATA[java.lang.AssertionError: expected [true] but found [false]
	at org.testng.Assert.fail(Assert.java:94)
	at org.testng.Assert.failNotEquals(Assert.java:494)
	at org.testng.Assert.assertTrue(Assert.java:42)
	at org.testng.Assert.assertTrue(Assert.java:52)
	at it.akademija.admin.RepresentativeTest.registerSingleRepresentativeTest(RepresentativeTest.java:27)
	at sun.reflect.NativeMethodAccessorImpl.invoke0(Native Method)
	at sun.reflect.NativeMethodAccessorImpl.invoke(NativeMethodAccessorImpl.java:62)
	at sun.reflect.DelegatingMethodAccessorImpl.invoke(DelegatingMethodAccessorImpl.java:43)
	at java.lang.reflect.Method.invoke(Method.java:497)
	at org.testng.internal.MethodInvocationHelper.invokeMethod(MethodInvocationHelper.java:80)
	at org.testng.internal.Invoker.invokeMethod(Invoker.java:714)
	at org.testng.internal.Invoker.invokeTestMethod(Invoker.java:901)
	at org.testng.internal.Invoker.invokeTestMethods(Invoker.java:1231)
	at org.testng.internal.TestMethodWorker.invokeTestMethods(TestMethodWorker.java:127)
	at org.testng.internal.TestMethodWorker.run(TestMethodWorker.java:111)
	at org.testng.TestRunner.privateRun(TestRunner.java:767)
	at org.testng.TestRunner.run(TestRunner.java:617)
	at org.testng.SuiteRunner.runTest(SuiteRunner.java:334)
	at org.testng.SuiteRunner.runSequentially(SuiteRunner.java:329)
	at org.testng.SuiteRunner.privateRun(SuiteRunner.java:291)
	at org.testng.SuiteRunner.run(SuiteRunner.java:240)
	at org.testng.SuiteRunnerWorker.runSuite(SuiteRunnerWorker.java:52)
	at org.testng.SuiteRunnerWorker.run(SuiteRunnerWorker.java:86)
	at org.testng.TestNG.runSuitesSequentially(TestNG.java:1198)
	at org.testng.TestNG.runSuitesLocally(TestNG.java:1123)
	at org.testng.TestNG.run(TestNG.java:1031)
	at org.apache.maven.surefire.testng.TestNGExecutor.run(TestNGExecutor.java:295)
	at org.apache.maven.surefire.testng.TestNGXmlTestSuite.execute(TestNGXmlTestSuite.java:84)
	at org.apache.maven.surefire.testng.TestNGProvider.invoke(TestNGProvider.java:90)
	at org.apache.maven.surefire.booter.ForkedBooter.invokeProviderInSameClassLoader(ForkedBooter.java:203)
	at org.apache.maven.surefire.booter.ForkedBooter.runSuitesInProcess(ForkedBooter.java:155)
	at org.apache.maven.surefire.booter.ForkedBooter.main(ForkedBooter.java:103)
]]>
            </full-stacktrace>
          </exception> <!-- java.lang.AssertionError -->
          <reporter-output>
          </reporter-output>
        </test-method> <!-- registerSingleRepresentativeTest -->
        <test-method status="PASS" signature="endingTestActivities()[pri:0, instance:it.akademija.admin.RepresentativeTest@3b6eb2ec]" name="endingTestActivities" is-config="true" duration-ms="0" started-at="2017-03-02T10:23:16Z" finished-at="2017-03-02T10:23:16Z">
          <reporter-output>
          </reporter-output>
        </test-method> <!-- endingTestActivities -->
      </class> <!-- it.akademija.admin.RepresentativeTest -->
      <class name="it.akademija.admin.CountyTest">
        <test-method status="PASS" signature="settingUp(java.lang.String, java.lang.String, java.lang.String, java.lang.String)[pri:0, instance:it.akademija.admin.CountyTest@3d24753a]" name="settingUp" is-config="true" duration-ms="13435" started-at="2017-03-02T10:21:04Z" finished-at="2017-03-02T10:21:17Z">
          <params>
            <param index="0">
              <value>
                <![CDATA[http://localhost:9090]]>
              </value>
            </param>
            <param index="1">
              <value>
                <![CDATA[Firefox]]>
              </value>
            </param>
            <param index="2">
              <value>
                <![CDATA[http://localhost:9090/#/admin/]]>
              </value>
            </param>
            <param index="3">
              <value>
                <![CDATA[http://localhost:9090/#/representative/]]>
              </value>
            </param>
          </params>
          <reporter-output>
          </reporter-output>
        </test-method> <!-- settingUp -->
        <test-method status="PASS" signature="registerCountyTest(java.lang.String)[pri:0, instance:it.akademija.admin.CountyTest@3d24753a]" name="registerCountyTest" duration-ms="11534" started-at="2017-03-02T10:21:17Z" finished-at="2017-03-02T10:21:29Z">
          <params>
            <param index="0">
              <value>
                <![CDATA[Akmenes]]>
              </value>
            </param>
          </params>
          <reporter-output>
          </reporter-output>
        </test-method> <!-- registerCountyTest -->
        <test-method status="PASS" signature="registerCountyTest(java.lang.String)[pri:0, instance:it.akademija.admin.CountyTest@3d24753a]" name="registerCountyTest" duration-ms="883" started-at="2017-03-02T10:21:29Z" finished-at="2017-03-02T10:21:30Z">
          <params>
            <param index="0">
              <value>
                <![CDATA[Akmenes]]>
              </value>
            </param>
          </params>
          <reporter-output>
          </reporter-output>
        </test-method> <!-- registerCountyTest -->
        <test-method status="PASS" signature="registerMultipleCountiesTest(java.lang.String)[pri:0, instance:it.akademija.admin.CountyTest@3d24753a]" name="registerMultipleCountiesTest" duration-ms="8672" started-at="2017-03-02T10:21:30Z" finished-at="2017-03-02T10:21:38Z">
          <params>
            <param index="0">
              <value>
                <![CDATA[src/test/resources/county-input.txt]]>
              </value>
            </param>
          </params>
          <reporter-output>
          </reporter-output>
        </test-method> <!-- registerMultipleCountiesTest -->
        <test-method status="PASS" signature="editCountyTest(java.lang.String, java.lang.String)[pri:0, instance:it.akademija.admin.CountyTest@3d24753a]" name="editCountyTest" duration-ms="2562" started-at="2017-03-02T10:21:38Z" finished-at="2017-03-02T10:21:41Z">
          <params>
            <param index="0">
              <value>
                <![CDATA[Akmenes]]>
              </value>
            </param>
            <param index="1">
              <value>
                <![CDATA[Akmenėss]]>
              </value>
            </param>
          </params>
          <reporter-output>
          </reporter-output>
        </test-method> <!-- editCountyTest -->
        <test-method status="PASS" signature="deleteCountyTest(java.lang.String)[pri:0, instance:it.akademija.admin.CountyTest@3d24753a]" name="deleteCountyTest" duration-ms="4136" started-at="2017-03-02T10:21:41Z" finished-at="2017-03-02T10:21:45Z">
          <params>
            <param index="0">
              <value>
                <![CDATA[Senamiesčioo]]>
              </value>
            </param>
          </params>
          <reporter-output>
          </reporter-output>
        </test-method> <!-- deleteCountyTest -->
        <test-method status="PASS" signature="addCandidatesListTest(java.lang.String, java.lang.String)[pri:0, instance:it.akademija.admin.CountyTest@3d24753a]" name="addCandidatesListTest" duration-ms="3260" started-at="2017-03-02T10:21:45Z" finished-at="2017-03-02T10:21:48Z">
          <params>
            <param index="0">
              <value>
                <![CDATA[Akmenėss]]>
              </value>
            </param>
            <param index="1">
              <value>
                <![CDATA[data-county.csv]]>
              </value>
            </param>
          </params>
          <reporter-output>
          </reporter-output>
        </test-method> <!-- addCandidatesListTest -->
        <test-method status="PASS" signature="endingTestActivities()[pri:0, instance:it.akademija.admin.CountyTest@3d24753a]" name="endingTestActivities" is-config="true" duration-ms="0" started-at="2017-03-02T10:21:48Z" finished-at="2017-03-02T10:21:48Z">
          <reporter-output>
          </reporter-output>
        </test-method> <!-- endingTestActivities -->
      </class> <!-- it.akademija.admin.CountyTest -->
      <class name="it.akademija.admin.DistrictTest">
        <test-method status="PASS" signature="settingUp(java.lang.String, java.lang.String, java.lang.String, java.lang.String)[pri:0, instance:it.akademija.admin.DistrictTest@7e0ea639]" name="settingUp" is-config="true" duration-ms="10769" started-at="2017-03-02T10:21:48Z" finished-at="2017-03-02T10:21:59Z">
          <params>
            <param index="0">
              <value>
                <![CDATA[http://localhost:9090]]>
              </value>
            </param>
            <param index="1">
              <value>
                <![CDATA[Firefox]]>
              </value>
            </param>
            <param index="2">
              <value>
                <![CDATA[http://localhost:9090/#/admin/]]>
              </value>
            </param>
            <param index="3">
              <value>
                <![CDATA[http://localhost:9090/#/representative/]]>
              </value>
            </param>
          </params>
          <reporter-output>
          </reporter-output>
        </test-method> <!-- settingUp -->
        <test-method status="PASS" signature="registerDistrictTest(java.lang.String, java.lang.String, java.lang.String, java.lang.String)[pri:0, instance:it.akademija.admin.DistrictTest@7e0ea639]" name="registerDistrictTest" duration-ms="4113" started-at="2017-03-02T10:21:59Z" finished-at="2017-03-02T10:22:03Z">
          <params>
            <param index="0">
              <value>
                <![CDATA[Fabijoniskiu]]>
              </value>
            </param>
            <param index="1">
              <value>
                <![CDATA[Fabijoniskiu g. 15, Vilnius]]>
              </value>
            </param>
            <param index="2">
              <value>
                <![CDATA[2416]]>
              </value>
            </param>
            <param index="3">
              <value>
                <![CDATA[Akmenėss]]>
              </value>
            </param>
          </params>
          <reporter-output>
          </reporter-output>
        </test-method> <!-- registerDistrictTest -->
        <test-method status="PASS" signature="registerDistrictTest(java.lang.String, java.lang.String, java.lang.String, java.lang.String)[pri:0, instance:it.akademija.admin.DistrictTest@7e0ea639]" name="registerDistrictTest" duration-ms="1437" started-at="2017-03-02T10:22:03Z" finished-at="2017-03-02T10:22:05Z">
          <params>
            <param index="0">
              <value>
                <![CDATA[Fabijoniskiu]]>
              </value>
            </param>
            <param index="1">
              <value>
                <![CDATA[Fabijoniskiu g. 15, Vilnius]]>
              </value>
            </param>
            <param index="2">
              <value>
                <![CDATA[2416]]>
              </value>
            </param>
            <param index="3">
              <value>
                <![CDATA[Akmenėss]]>
              </value>
            </param>
          </params>
          <reporter-output>
          </reporter-output>
        </test-method> <!-- registerDistrictTest -->
        <test-method status="PASS" signature="registerExistingDistrictAndAssigntToDifferentCountyTest(java.lang.String, java.lang.String, java.lang.String, java.lang.String)[pri:0, instance:it.akademija.admin.DistrictTest@7e0ea639]" name="registerExistingDistrictAndAssigntToDifferentCountyTest" duration-ms="2750" started-at="2017-03-02T10:22:05Z" finished-at="2017-03-02T10:22:07Z">
          <params>
            <param index="0">
              <value>
                <![CDATA[Fabijoniskiu]]>
              </value>
            </param>
            <param index="1">
              <value>
                <![CDATA[Fabijoniskiu g. 15, Vilnius]]>
              </value>
            </param>
            <param index="2">
              <value>
                <![CDATA[2416]]>
              </value>
            </param>
            <param index="3">
              <value>
                <![CDATA[Dainavoss]]>
              </value>
            </param>
          </params>
          <reporter-output>
          </reporter-output>
        </test-method> <!-- registerExistingDistrictAndAssigntToDifferentCountyTest -->
        <test-method status="FAIL" signature="registerMultipleDistrictsToDifferentCountiesTest(java.lang.String, java.lang.String, java.lang.String, java.lang.String)[pri:0, instance:it.akademija.admin.DistrictTest@7e0ea639]" name="registerMultipleDistrictsToDifferentCountiesTest" duration-ms="3000" started-at="2017-03-02T10:22:07Z" finished-at="2017-03-02T10:22:10Z">
          <params>
            <param index="0">
              <value>
                <![CDATA[src/test/resources/variousDistricts-input.txt]]>
              </value>
            </param>
            <param index="1">
              <value>
                <![CDATA[src/test/resources/variousDistrictsAddress-input.txt]]>
              </value>
            </param>
            <param index="2">
              <value>
                <![CDATA[src/test/resources/variousDistrictsVoters-input.txt]]>
              </value>
            </param>
            <param index="3">
              <value>
                <![CDATA[src/test/resources/county-input.txt]]>
              </value>
            </param>
          </params>
          <exception class="java.lang.AssertionError">
            <message>
              <![CDATA[expected [true] but found [false]]]>
            </message>
            <full-stacktrace>
              <![CDATA[java.lang.AssertionError: expected [true] but found [false]
	at org.testng.Assert.fail(Assert.java:94)
	at org.testng.Assert.failNotEquals(Assert.java:494)
	at org.testng.Assert.assertTrue(Assert.java:42)
	at org.testng.Assert.assertTrue(Assert.java:52)
	at it.akademija.admin.DistrictPage.registerMultipleDistricts(DistrictPage.java:122)
	at it.akademija.admin.DistrictTest.registerMultipleDistrictsToDifferentCountiesTest(DistrictTest.java:46)
	at sun.reflect.NativeMethodAccessorImpl.invoke0(Native Method)
	at sun.reflect.NativeMethodAccessorImpl.invoke(NativeMethodAccessorImpl.java:62)
	at sun.reflect.DelegatingMethodAccessorImpl.invoke(DelegatingMethodAccessorImpl.java:43)
	at java.lang.reflect.Method.invoke(Method.java:497)
	at org.testng.internal.MethodInvocationHelper.invokeMethod(MethodInvocationHelper.java:80)
	at org.testng.internal.Invoker.invokeMethod(Invoker.java:714)
	at org.testng.internal.Invoker.invokeTestMethod(Invoker.java:901)
	at org.testng.internal.Invoker.invokeTestMethods(Invoker.java:1231)
	at org.testng.internal.TestMethodWorker.invokeTestMethods(TestMethodWorker.java:127)
	at org.testng.internal.TestMethodWorker.run(TestMethodWorker.java:111)
	at org.testng.TestRunner.privateRun(TestRunner.java:767)
	at org.testng.TestRunner.run(TestRunner.java:617)
	at org.testng.SuiteRunner.runTest(SuiteRunner.java:334)
	at org.testng.SuiteRunner.runSequentially(SuiteRunner.java:329)
	at org.testng.SuiteRunner.privateRun(SuiteRunner.java:291)
	at org.testng.SuiteRunner.run(SuiteRunner.java:240)
	at org.testng.SuiteRunnerWorker.runSuite(SuiteRunnerWorker.java:52)
	at org.testng.SuiteRunnerWorker.run(SuiteRunnerWorker.java:86)
	at org.testng.TestNG.runSuitesSequentially(TestNG.java:1198)
	at org.testng.TestNG.runSuitesLocally(TestNG.java:1123)
	at org.testng.TestNG.run(TestNG.java:1031)
	at org.apache.maven.surefire.testng.TestNGExecutor.run(TestNGExecutor.java:295)
	at org.apache.maven.surefire.testng.TestNGXmlTestSuite.execute(TestNGXmlTestSuite.java:84)
	at org.apache.maven.surefire.testng.TestNGProvider.invoke(TestNGProvider.java:90)
	at org.apache.maven.surefire.booter.ForkedBooter.invokeProviderInSameClassLoader(ForkedBooter.java:203)
	at org.apache.maven.surefire.booter.ForkedBooter.runSuitesInProcess(ForkedBooter.java:155)
	at org.apache.maven.surefire.booter.ForkedBooter.main(ForkedBooter.java:103)
]]>
            </full-stacktrace>
          </exception> <!-- java.lang.AssertionError -->
          <reporter-output>
          </reporter-output>
        </test-method> <!-- registerMultipleDistrictsToDifferentCountiesTest -->
        <test-method status="FAIL" signature="registerMultipleDistrictsToOneCountyTest(java.lang.String, java.lang.String, java.lang.String, java.lang.String)[pri:0, instance:it.akademija.admin.DistrictTest@7e0ea639]" name="registerMultipleDistrictsToOneCountyTest" duration-ms="2515" started-at="2017-03-02T10:22:10Z" finished-at="2017-03-02T10:22:13Z">
          <params>
            <param index="0">
              <value>
                <![CDATA[src/test/resources/district-input.txt]]>
              </value>
            </param>
            <param index="1">
              <value>
                <![CDATA[src/test/resources/districtAddress-input.txt]]>
              </value>
            </param>
            <param index="2">
              <value>
                <![CDATA[src/test/resources/districtVoters-input.txt]]>
              </value>
            </param>
            <param index="3">
              <value>
                <![CDATA[Akmenėss]]>
              </value>
            </param>
          </params>
          <exception class="java.lang.AssertionError">
            <message>
              <![CDATA[expected [true] but found [false]]]>
            </message>
            <full-stacktrace>
              <![CDATA[java.lang.AssertionError: expected [true] but found [false]
	at org.testng.Assert.fail(Assert.java:94)
	at org.testng.Assert.failNotEquals(Assert.java:494)
	at org.testng.Assert.assertTrue(Assert.java:42)
	at org.testng.Assert.assertTrue(Assert.java:52)
	at it.akademija.admin.DistrictPage.registerMultipleDistricts(DistrictPage.java:122)
	at it.akademija.admin.DistrictTest.registerMultipleDistrictsToOneCountyTest(DistrictTest.java:40)
	at sun.reflect.NativeMethodAccessorImpl.invoke0(Native Method)
	at sun.reflect.NativeMethodAccessorImpl.invoke(NativeMethodAccessorImpl.java:62)
	at sun.reflect.DelegatingMethodAccessorImpl.invoke(DelegatingMethodAccessorImpl.java:43)
	at java.lang.reflect.Method.invoke(Method.java:497)
	at org.testng.internal.MethodInvocationHelper.invokeMethod(MethodInvocationHelper.java:80)
	at org.testng.internal.Invoker.invokeMethod(Invoker.java:714)
	at org.testng.internal.Invoker.invokeTestMethod(Invoker.java:901)
	at org.testng.internal.Invoker.invokeTestMethods(Invoker.java:1231)
	at org.testng.internal.TestMethodWorker.invokeTestMethods(TestMethodWorker.java:127)
	at org.testng.internal.TestMethodWorker.run(TestMethodWorker.java:111)
	at org.testng.TestRunner.privateRun(TestRunner.java:767)
	at org.testng.TestRunner.run(TestRunner.java:617)
	at org.testng.SuiteRunner.runTest(SuiteRunner.java:334)
	at org.testng.SuiteRunner.runSequentially(SuiteRunner.java:329)
	at org.testng.SuiteRunner.privateRun(SuiteRunner.java:291)
	at org.testng.SuiteRunner.run(SuiteRunner.java:240)
	at org.testng.SuiteRunnerWorker.runSuite(SuiteRunnerWorker.java:52)
	at org.testng.SuiteRunnerWorker.run(SuiteRunnerWorker.java:86)
	at org.testng.TestNG.runSuitesSequentially(TestNG.java:1198)
	at org.testng.TestNG.runSuitesLocally(TestNG.java:1123)
	at org.testng.TestNG.run(TestNG.java:1031)
	at org.apache.maven.surefire.testng.TestNGExecutor.run(TestNGExecutor.java:295)
	at org.apache.maven.surefire.testng.TestNGXmlTestSuite.execute(TestNGXmlTestSuite.java:84)
	at org.apache.maven.surefire.testng.TestNGProvider.invoke(TestNGProvider.java:90)
	at org.apache.maven.surefire.booter.ForkedBooter.invokeProviderInSameClassLoader(ForkedBooter.java:203)
	at org.apache.maven.surefire.booter.ForkedBooter.runSuitesInProcess(ForkedBooter.java:155)
	at org.apache.maven.surefire.booter.ForkedBooter.main(ForkedBooter.java:103)
]]>
            </full-stacktrace>
          </exception> <!-- java.lang.AssertionError -->
          <reporter-output>
          </reporter-output>
        </test-method> <!-- registerMultipleDistrictsToOneCountyTest -->
        <test-method status="FAIL" signature="editDistrictTest(java.lang.String, java.lang.String, java.lang.String, java.lang.String, java.lang.String)[pri:0, instance:it.akademija.admin.DistrictTest@7e0ea639]" name="editDistrictTest" duration-ms="34391" started-at="2017-03-02T10:22:13Z" finished-at="2017-03-02T10:22:47Z">
          <params>
            <param index="0">
              <value>
                <![CDATA[Jovaroo]]>
              </value>
            </param>
            <param index="1">
              <value>
                <![CDATA[Jovarų]]>
              </value>
            </param>
            <param index="2">
              <value>
                <![CDATA[S. Stanevičiaus g. 100, Vilnius]]>
              </value>
            </param>
            <param index="3">
              <value>
                <![CDATA[2000]]>
              </value>
            </param>
            <param index="4">
              <value>
                <![CDATA[Akmenėss]]>
              </value>
            </param>
          </params>
          <exception class="org.openqa.selenium.NoSuchElementException">
            <message>
              <![CDATA[Unable to locate element: {"method":"xpath","selector":"//tbody/tr[83]/td[1]"}
Command duration or timeout: 30.07 seconds
For documentation on this error, please visit: http://seleniumhq.org/exceptions/no_such_element.html
Build info: version: '2.53.1', revision: 'a36b8b1cd5757287168e54b817830adce9b0158d', time: '2016-06-30 19:26:09'
System info: host: 'DESKTOP-O933604', ip: '192.168.30.59', os.name: 'Windows 10', os.arch: 'amd64', os.version: '10.0', java.version: '1.8.0_73'
Driver info: org.openqa.selenium.firefox.FirefoxDriver
Capabilities [{applicationCacheEnabled=true, rotatable=false, handlesAlerts=true, databaseEnabled=true, version=47.0.1, platform=WINDOWS, nativeEvents=false, acceptSslCerts=true, webStorageEnabled=true, locationContextEnabled=true, browserName=firefox, takesScreenshot=true, javascriptEnabled=true, cssSelectorsEnabled=true}]
Session ID: 0ac9080b-992c-4308-b0a5-ebb5a996636d
*** Element info: {Using=xpath, value=//tbody/tr[83]/td[1]}]]>
            </message>
            <full-stacktrace>
              <![CDATA[org.openqa.selenium.NoSuchElementException: Unable to locate element: {"method":"xpath","selector":"//tbody/tr[83]/td[1]"}
Command duration or timeout: 30.07 seconds
For documentation on this error, please visit: http://seleniumhq.org/exceptions/no_such_element.html
Build info: version: '2.53.1', revision: 'a36b8b1cd5757287168e54b817830adce9b0158d', time: '2016-06-30 19:26:09'
System info: host: 'DESKTOP-O933604', ip: '192.168.30.59', os.name: 'Windows 10', os.arch: 'amd64', os.version: '10.0', java.version: '1.8.0_73'
Driver info: org.openqa.selenium.firefox.FirefoxDriver
Capabilities [{applicationCacheEnabled=true, rotatable=false, handlesAlerts=true, databaseEnabled=true, version=47.0.1, platform=WINDOWS, nativeEvents=false, acceptSslCerts=true, webStorageEnabled=true, locationContextEnabled=true, browserName=firefox, takesScreenshot=true, javascriptEnabled=true, cssSelectorsEnabled=true}]
Session ID: 0ac9080b-992c-4308-b0a5-ebb5a996636d
*** Element info: {Using=xpath, value=//tbody/tr[83]/td[1]}
	at sun.reflect.NativeConstructorAccessorImpl.newInstance0(Native Method)
	at sun.reflect.NativeConstructorAccessorImpl.newInstance(NativeConstructorAccessorImpl.java:62)
	at sun.reflect.DelegatingConstructorAccessorImpl.newInstance(DelegatingConstructorAccessorImpl.java:45)
	at java.lang.reflect.Constructor.newInstance(Constructor.java:422)
	at org.openqa.selenium.remote.ErrorHandler.createThrowable(ErrorHandler.java:206)
	at org.openqa.selenium.remote.ErrorHandler.throwIfResponseFailed(ErrorHandler.java:158)
	at org.openqa.selenium.remote.RemoteWebDriver.execute(RemoteWebDriver.java:678)
	at org.openqa.selenium.remote.RemoteWebDriver.findElement(RemoteWebDriver.java:363)
	at org.openqa.selenium.remote.RemoteWebDriver.findElementByXPath(RemoteWebDriver.java:500)
	at org.openqa.selenium.By$ByXPath.findElement(By.java:361)
	at org.openqa.selenium.remote.RemoteWebDriver.findElement(RemoteWebDriver.java:355)
	at utilities.Utilities.findElementForDeletingAndEditing(Utilities.java:55)
	at it.akademija.admin.DistrictPage.editDistrict(DistrictPage.java:130)
	at it.akademija.admin.DistrictTest.editDistrictTest(DistrictTest.java:52)
	at sun.reflect.NativeMethodAccessorImpl.invoke0(Native Method)
	at sun.reflect.NativeMethodAccessorImpl.invoke(NativeMethodAccessorImpl.java:62)
	at sun.reflect.DelegatingMethodAccessorImpl.invoke(DelegatingMethodAccessorImpl.java:43)
	at java.lang.reflect.Method.invoke(Method.java:497)
	at org.testng.internal.MethodInvocationHelper.invokeMethod(MethodInvocationHelper.java:80)
	at org.testng.internal.Invoker.invokeMethod(Invoker.java:714)
	at org.testng.internal.Invoker.invokeTestMethod(Invoker.java:901)
	at org.testng.internal.Invoker.invokeTestMethods(Invoker.java:1231)
	at org.testng.internal.TestMethodWorker.invokeTestMethods(TestMethodWorker.java:127)
	at org.testng.internal.TestMethodWorker.run(TestMethodWorker.java:111)
	at org.testng.TestRunner.privateRun(TestRunner.java:767)
	at org.testng.TestRunner.run(TestRunner.java:617)
	at org.testng.SuiteRunner.runTest(SuiteRunner.java:334)
	at org.testng.SuiteRunner.runSequentially(SuiteRunner.java:329)
	at org.testng.SuiteRunner.privateRun(SuiteRunner.java:291)
	at org.testng.SuiteRunner.run(SuiteRunner.java:240)
	at org.testng.SuiteRunnerWorker.runSuite(SuiteRunnerWorker.java:52)
	at org.testng.SuiteRunnerWorker.run(SuiteRunnerWorker.java:86)
	at org.testng.TestNG.runSuitesSequentially(TestNG.java:1198)
	at org.testng.TestNG.runSuitesLocally(TestNG.java:1123)
	at org.testng.TestNG.run(TestNG.java:1031)
	at org.apache.maven.surefire.testng.TestNGExecutor.run(TestNGExecutor.java:295)
	at org.apache.maven.surefire.testng.TestNGXmlTestSuite.execute(TestNGXmlTestSuite.java:84)
	at org.apache.maven.surefire.testng.TestNGProvider.invoke(TestNGProvider.java:90)
	at org.apache.maven.surefire.booter.ForkedBooter.invokeProviderInSameClassLoader(ForkedBooter.java:203)
	at org.apache.maven.surefire.booter.ForkedBooter.runSuitesInProcess(ForkedBooter.java:155)
	at org.apache.maven.surefire.booter.ForkedBooter.main(ForkedBooter.java:103)
Caused by: org.openqa.selenium.NoSuchElementException: Unable to locate element: {"method":"xpath","selector":"//tbody/tr[83]/td[1]"}
For documentation on this error, please visit: http://seleniumhq.org/exceptions/no_such_element.html
Build info: version: '2.53.1', revision: 'a36b8b1cd5757287168e54b817830adce9b0158d', time: '2016-06-30 19:26:09'
System info: host: 'DESKTOP-O933604', ip: '192.168.30.59', os.name: 'Windows 10', os.arch: 'amd64', os.version: '10.0', java.version: '1.8.0_73'
Driver info: driver.version: unknown
	at <anonymous class>.FirefoxDriver.prototype.findElementInternal_(file:///C:/Users/User/AppData/Local/Temp/anonymous490372942207265888webdriver-profile/extensions/fxdriver@googlecode.com/components/driver-component.js:10770)
	at <anonymous class>.fxdriver.Timer.prototype.setTimeout/<.notify(file:///C:/Users/User/AppData/Local/Temp/anonymous490372942207265888webdriver-profile/extensions/fxdriver@googlecode.com/components/driver-component.js:625)
]]>
            </full-stacktrace>
          </exception> <!-- org.openqa.selenium.NoSuchElementException -->
          <reporter-output>
          </reporter-output>
        </test-method> <!-- editDistrictTest -->
        <test-method status="FAIL" signature="deleteDistrictTest(java.lang.String)[pri:0, instance:it.akademija.admin.DistrictTest@7e0ea639]" name="deleteDistrictTest" duration-ms="5031" started-at="2017-03-02T10:22:47Z" finished-at="2017-03-02T10:22:52Z">
          <params>
            <param index="0">
              <value>
                <![CDATA[Rugiųų]]>
              </value>
            </param>
          </params>
          <exception class="java.lang.AssertionError">
            <message>
              <![CDATA[expected [true] but found [false]]]>
            </message>
            <full-stacktrace>
              <![CDATA[java.lang.AssertionError: expected [true] but found [false]
	at org.testng.Assert.fail(Assert.java:94)
	at org.testng.Assert.failNotEquals(Assert.java:494)
	at org.testng.Assert.assertTrue(Assert.java:42)
	at org.testng.Assert.assertTrue(Assert.java:52)
	at it.akademija.admin.DistrictTest.deleteDistrictTest(DistrictTest.java:60)
	at sun.reflect.NativeMethodAccessorImpl.invoke0(Native Method)
	at sun.reflect.NativeMethodAccessorImpl.invoke(NativeMethodAccessorImpl.java:62)
	at sun.reflect.DelegatingMethodAccessorImpl.invoke(DelegatingMethodAccessorImpl.java:43)
	at java.lang.reflect.Method.invoke(Method.java:497)
	at org.testng.internal.MethodInvocationHelper.invokeMethod(MethodInvocationHelper.java:80)
	at org.testng.internal.Invoker.invokeMethod(Invoker.java:714)
	at org.testng.internal.Invoker.invokeTestMethod(Invoker.java:901)
	at org.testng.internal.Invoker.invokeTestMethods(Invoker.java:1231)
	at org.testng.internal.TestMethodWorker.invokeTestMethods(TestMethodWorker.java:127)
	at org.testng.internal.TestMethodWorker.run(TestMethodWorker.java:111)
	at org.testng.TestRunner.privateRun(TestRunner.java:767)
	at org.testng.TestRunner.run(TestRunner.java:617)
	at org.testng.SuiteRunner.runTest(SuiteRunner.java:334)
	at org.testng.SuiteRunner.runSequentially(SuiteRunner.java:329)
	at org.testng.SuiteRunner.privateRun(SuiteRunner.java:291)
	at org.testng.SuiteRunner.run(SuiteRunner.java:240)
	at org.testng.SuiteRunnerWorker.runSuite(SuiteRunnerWorker.java:52)
	at org.testng.SuiteRunnerWorker.run(SuiteRunnerWorker.java:86)
	at org.testng.TestNG.runSuitesSequentially(TestNG.java:1198)
	at org.testng.TestNG.runSuitesLocally(TestNG.java:1123)
	at org.testng.TestNG.run(TestNG.java:1031)
	at org.apache.maven.surefire.testng.TestNGExecutor.run(TestNGExecutor.java:295)
	at org.apache.maven.surefire.testng.TestNGXmlTestSuite.execute(TestNGXmlTestSuite.java:84)
	at org.apache.maven.surefire.testng.TestNGProvider.invoke(TestNGProvider.java:90)
	at org.apache.maven.surefire.booter.ForkedBooter.invokeProviderInSameClassLoader(ForkedBooter.java:203)
	at org.apache.maven.surefire.booter.ForkedBooter.runSuitesInProcess(ForkedBooter.java:155)
	at org.apache.maven.surefire.booter.ForkedBooter.main(ForkedBooter.java:103)
]]>
            </full-stacktrace>
          </exception> <!-- java.lang.AssertionError -->
          <reporter-output>
          </reporter-output>
        </test-method> <!-- deleteDistrictTest -->
        <test-method status="PASS" signature="endingTestActivities()[pri:0, instance:it.akademija.admin.DistrictTest@7e0ea639]" name="endingTestActivities" is-config="true" duration-ms="0" started-at="2017-03-02T10:22:52Z" finished-at="2017-03-02T10:22:52Z">
          <reporter-output>
          </reporter-output>
        </test-method> <!-- endingTestActivities -->
      </class> <!-- it.akademija.admin.DistrictTest -->
    </test> <!-- ChromeTest -->
  </suite> <!-- Suite -->
</testng-results>
