<?xml version="1.0" encoding="UTF-8"?>
<testng-results skipped="0" failed="0" ignored="0" total="6" passed="6">
  <reporter-output>
  </reporter-output>
  <suite name="Suite" duration-ms="25163" started-at="2017-03-01T12:22:18Z" finished-at="2017-03-01T12:22:43Z">
    <groups>
    </groups>
    <test name="ChromeTest" duration-ms="25163" started-at="2017-03-01T12:22:18Z" finished-at="2017-03-01T12:22:43Z">
      <class name="it.akademija.admin.CountyTest">
        <test-method status="PASS" signature="settingUp(java.lang.String, java.lang.String, java.lang.String, java.lang.String)[pri:0, instance:it.akademija.admin.CountyTest@53b32d7]" name="settingUp" is-config="true" duration-ms="6343" started-at="2017-03-01T14:22:18Z" finished-at="2017-03-01T14:22:24Z">
          <params>
            <param index="0">
              <value>
                <![CDATA[http://localhost:9090]]>
              </value>
            </param>
            <param index="1">
              <value>
                <![CDATA[chrome]]>
              </value>
            </param>
            <param index="2">
              <value>
                <![CDATA[http://localhost:9090/#/admin/]]>
              </value>
            </param>
            <param index="3">
              <value>
                <![CDATA[http://localhost:9090/#/representative/]]>
              </value>
            </param>
          </params>
          <reporter-output>
          </reporter-output>
        </test-method> <!-- settingUp -->
        <test-method status="PASS" signature="registerCountyTest(java.lang.String)[pri:3, instance:it.akademija.admin.CountyTest@53b32d7]" name="registerCountyTest" duration-ms="4270" started-at="2017-03-01T14:22:24Z" finished-at="2017-03-01T14:22:29Z">
          <params>
            <param index="0">
              <value>
                <![CDATA[Akmenes]]>
              </value>
            </param>
          </params>
          <reporter-output>
          </reporter-output>
        </test-method> <!-- registerCountyTest -->
        <test-method status="PASS" signature="registerCountyTest(java.lang.String)[pri:3, instance:it.akademija.admin.CountyTest@53b32d7]" name="registerCountyTest" duration-ms="637" started-at="2017-03-01T14:22:29Z" finished-at="2017-03-01T14:22:29Z">
          <params>
            <param index="0">
              <value>
                <![CDATA[Akmenes]]>
              </value>
            </param>
          </params>
          <reporter-output>
          </reporter-output>
        </test-method> <!-- registerCountyTest -->
        <test-method status="PASS" signature="registerMultipleCountiesTest(java.lang.String)[pri:3, instance:it.akademija.admin.CountyTest@53b32d7]" name="registerMultipleCountiesTest" duration-ms="5570" started-at="2017-03-01T14:22:29Z" finished-at="2017-03-01T14:22:35Z">
          <params>
            <param index="0">
              <value>
                <![CDATA[src/test/resources/county-input.txt]]>
              </value>
            </param>
          </params>
          <reporter-output>
          </reporter-output>
        </test-method> <!-- registerMultipleCountiesTest -->
        <test-method status="PASS" signature="editCountyTest(java.lang.String, java.lang.String)[pri:4, instance:it.akademija.admin.CountyTest@53b32d7]" name="editCountyTest" duration-ms="1521" started-at="2017-03-01T14:22:35Z" finished-at="2017-03-01T14:22:36Z">
          <params>
            <param index="0">
              <value>
                <![CDATA[Akmenes]]>
              </value>
            </param>
            <param index="1">
              <value>
                <![CDATA[Akmenėss]]>
              </value>
            </param>
          </params>
          <reporter-output>
          </reporter-output>
        </test-method> <!-- editCountyTest -->
        <test-method status="PASS" signature="deleteCountyTest(java.lang.String)[pri:5, instance:it.akademija.admin.CountyTest@53b32d7]" name="deleteCountyTest" duration-ms="4338" started-at="2017-03-01T14:22:36Z" finished-at="2017-03-01T14:22:41Z">
          <params>
            <param index="0">
              <value>
                <![CDATA[Senamiesčioo]]>
              </value>
            </param>
          </params>
          <reporter-output>
          </reporter-output>
        </test-method> <!-- deleteCountyTest -->
        <test-method status="PASS" signature="addCandidatesListTest(java.lang.String, java.lang.String)[pri:6, instance:it.akademija.admin.CountyTest@53b32d7]" name="addCandidatesListTest" duration-ms="2305" started-at="2017-03-01T14:22:41Z" finished-at="2017-03-01T14:22:43Z">
          <params>
            <param index="0">
              <value>
                <![CDATA[Akmenėss]]>
              </value>
            </param>
            <param index="1">
              <value>
                <![CDATA[data-county.csv]]>
              </value>
            </param>
          </params>
          <reporter-output>
          </reporter-output>
        </test-method> <!-- addCandidatesListTest -->
        <test-method status="PASS" signature="endingTestActivities()[pri:0, instance:it.akademija.admin.CountyTest@53b32d7]" name="endingTestActivities" is-config="true" duration-ms="133" started-at="2017-03-01T14:22:43Z" finished-at="2017-03-01T14:22:43Z">
          <reporter-output>
          </reporter-output>
        </test-method> <!-- endingTestActivities -->
      </class> <!-- it.akademija.admin.CountyTest -->
    </test> <!-- ChromeTest -->
  </suite> <!-- Suite -->
</testng-results>
